[debug] [2021-12-22T22:11:59.098Z] ----------------------------------------------------------------------
[debug] [2021-12-22T22:11:59.100Z] Command:       C:\Program Files\nodejs\node.exe C:\Users\elain\AppData\Roaming\npm\node_modules\firebase-tools\lib\bin\firebase.js init
[debug] [2021-12-22T22:11:59.100Z] CLI Version:   9.23.0
[debug] [2021-12-22T22:11:59.100Z] Platform:      win32
[debug] [2021-12-22T22:11:59.100Z] Node Version:  v16.13.0
[debug] [2021-12-22T22:11:59.102Z] Time:          Wed Dec 22 2021 14:11:59 GMT-0800 (Pacific Standard Time)
[debug] [2021-12-22T22:11:59.102Z] ----------------------------------------------------------------------
[debug] 
[debug] [2021-12-22T22:11:59.146Z] > command requires scopes: ["email","openid","https://www.googleapis.com/auth/cloudplatformprojects.readonly","https://www.googleapis.com/auth/firebase","https://www.googleapis.com/auth/cloud-platform"]
[debug] [2021-12-22T22:11:59.147Z] > authorizing via signed-in user (ylai.elaine@gmail.com)
[info] 
     ######## #### ########  ######## ########     ###     ######  ########
     ##        ##  ##     ## ##       ##     ##  ##   ##  ##       ##
     ######    ##  ########  ######   ########  #########  ######  ######
     ##        ##  ##    ##  ##       ##     ## ##     ##       ## ##
     ##       #### ##     ## ######## ########  ##     ##  ######  ########

You're about to initialize a Firebase project in this directory:

  C:\Users\elain\Documents\Hackathon\Winter Hack 2021\goodTeamWinter2021

Before we get started, keep in mind:

  * You are initializing within an existing Firebase project directory

